<testsuites name="jest tests" tests="4" failures="1" time="2.589">
  <testsuite name="undefined" errors="0" failures="1" skipped="0" timestamp="2022-08-22T10:55:46" time="2.589" tests="4">
    <testcase classname=" Initial articles render correctly" name=" Initial articles render correctly" time="0.032">
      <failure>TypeError: Cannot read property &apos;toString&apos; of undefined
    at forEach (C:\Users\30697\Desktop\hacker-rank\e16bdfab-8711-4643-8cf6-106deb6bd616\src\App.test.js:90:31)
    at Array.forEach (&lt;anonymous&gt;)
    at expectArticles (C:\Users\30697\Desktop\hacker-rank\e16bdfab-8711-4643-8cf6-106deb6bd616\src\App.test.js:83:12)
    at Object.&lt;anonymous&gt; (C:\Users\30697\Desktop\hacker-rank\e16bdfab-8711-4643-8cf6-106deb6bd616\src\App.test.js:100:3)
    at Object.asyncJestTest (C:\Users\30697\Desktop\hacker-rank\e16bdfab-8711-4643-8cf6-106deb6bd616\node_modules\jest-jasmine2\build\jasmineAsyncInstall.js:102:37)
    at C:\Users\30697\Desktop\hacker-rank\e16bdfab-8711-4643-8cf6-106deb6bd616\node_modules\jest-jasmine2\build\queueRunner.js:43:12
    at new Promise (&lt;anonymous&gt;)
    at mapper (C:\Users\30697\Desktop\hacker-rank\e16bdfab-8711-4643-8cf6-106deb6bd616\node_modules\jest-jasmine2\build\queueRunner.js:26:19)
    at C:\Users\30697\Desktop\hacker-rank\e16bdfab-8711-4643-8cf6-106deb6bd616\node_modules\jest-jasmine2\build\queueRunner.js:73:41
    at processTicksAndRejections (internal/process/task_queues.js:93:5)</failure>
    </testcase>
    <testcase classname=" Clicking on top renders expected articles" name=" Clicking on top renders expected articles" time="0.019">
    </testcase>
    <testcase classname=" Clicking on newest renders expected articles" name=" Clicking on newest renders expected articles" time="0.017">
    </testcase>
    <testcase classname=" Sequence of navigation clicks renders expected artices" name=" Sequence of navigation clicks renders expected artices" time="0.031">
    </testcase>
  </testsuite>
</testsuites>